<?xml version="1.0" encoding="UTF-8"?>
<!-- Generated by org.testng.reporters.JUnitReportReporter -->
<testsuite skipped="0" hostname="LAPTOP-2NCT89FI" name="practise.AppiumFramework.ApiDemoTest" tests="3" failures="0" timestamp="2020-03-23T17:27:32 IST" time="86.921" errors="0">
  <testcase name="apiDemo" time="29.372" classname="practise.AppiumFramework.ApiDemoTest"/>
  <system-out/>
  <testcase name="apiDemo" time="27.421" classname="practise.AppiumFramework.ApiDemoTest"/>
  <system-out/>
  <testcase name="apiDemo" time="30.128" classname="practise.AppiumFramework.ApiDemoTest"/>
  <system-out/>
</testsuite> <!-- practise.AppiumFramework.ApiDemoTest -->
