<?xml version="1.0" encoding="UTF-8"?>
<!-- Generated by org.testng.reporters.JUnitReportReporter -->
<testsuite skipped="0" hostname="LAPTOP-2NCT89FI" name="practise.AppiumFramework.GS_TC_3" tests="2" failures="0" timestamp="2020-03-23T17:27:32 IST" time="83.427" errors="0">
  <testcase name="totalValidation" time="40.121" classname="practise.AppiumFramework.GS_TC_3"/>
  <system-out/>
  <testcase name="totalValidation" time="43.306" classname="practise.AppiumFramework.GS_TC_3"/>
  <system-out/>
</testsuite> <!-- practise.AppiumFramework.GS_TC_3 -->
