<?xml version="1.0" encoding="UTF-8"?>
<!-- Generated by org.testng.reporters.JUnitReportReporter -->
<testsuite skipped="0" hostname="LAPTOP-2NCT89FI" name="practise.AppiumFramework.GS_TC_3" tests="2" failures="0" timestamp="2020-03-31T14:59:06 IST" time="189.518" errors="0">
  <testcase name="totalValidation" time="114.270" classname="practise.AppiumFramework.GS_TC_3"/>
  <system-out/>
  <testcase name="totalValidation" time="75.248" classname="practise.AppiumFramework.GS_TC_3"/>
  <system-out/>
</testsuite> <!-- practise.AppiumFramework.GS_TC_3 -->
